2023.01.18 00:52:27 INFO  tracing is disabled for protocol LSP, to enable tracing of incoming and outgoing JSON messages create an empty file at /Users/jaofourthsohappy/Desktop/Java-Jaofourth/.metals/lsp.trace.json or /Users/jaofourthsohappy/Library/Caches/org.scalameta.metals/lsp.trace.json
2023.01.18 00:52:29 INFO  logging to file /Users/jaofourthsohappy/Desktop/Java-Jaofourth/.metals/metals.log
2023.01.18 00:52:29 INFO  Started: Metals version 0.11.10+48-97aeb8a6-SNAPSHOT in workspace '/Users/jaofourthsohappy/Desktop/Java-Jaofourth' for client Visual Studio Code 1.74.2.
SLF4J: No SLF4J providers were found.
SLF4J: Defaulting to no-operation (NOP) logger implementation
SLF4J: See https://www.slf4j.org/codes.html#noProviders for further details.
SLF4J: Class path contains SLF4J bindings targeting slf4j-api versions 1.7.x or earlier.
SLF4J: Ignoring binding found at [jar:file:/Users/jaofourthsohappy/Library/Caches/Coursier/v1/https/repo1.maven.org/maven2/com/outr/scribe-slf4j_2.13/3.10.6/scribe-slf4j_2.13-3.10.6.jar!/org/slf4j/impl/StaticLoggerBinder.class]
SLF4J: See https://www.slf4j.org/codes.html#ignoredBindings for an explanation.
2023.01.18 00:52:30 INFO  time: initialize in 0.92s
2023.01.18 00:52:34 WARN  Build server is not auto-connectable.
2023.01.18 00:52:34 WARN  no build tool detected in workspace '/Users/jaofourthsohappy/Desktop/Java-Jaofourth'. The most common cause for this problem is that the editor was opened in the wrong working directory, for example if you use sbt then the workspace directory should contain build.sbt. 
2023.01.18 00:52:34 WARN  no build target for: /Users/jaofourthsohappy/Desktop/Java-Jaofourth/Java Basic/Whileloop.java
2023.01.18 00:52:35 WARN  Running javac-semanticdb failed for file:///Users/jaofourthsohappy/Desktop/Java-Jaofourth/Java%20Basic/Whileloop.java. Output:
Exception in thread "main" java.lang.IllegalAccessError: class com.sourcegraph.semanticdb_javac.SemanticdbPlugin (in unnamed module @0x4cb2c100) cannot access class com.sun.tools.javac.api.BasicJavacTask (in module jdk.compiler) because module jdk.compiler does not export com.sun.tools.javac.api to unnamed module @0x4cb2c100
	at com.sourcegraph.semanticdb_javac.SemanticdbPlugin.init(SemanticdbPlugin.java:19)
	at jdk.compiler/com.sun.tools.javac.api.BasicJavacTask.initPlugin(BasicJavacTask.java:255)
	at jdk.compiler/com.sun.tools.javac.api.BasicJavacTask.initPlugins(BasicJavacTask.java:229)
	at jdk.compiler/com.sun.tools.javac.main.Main.compile(Main.java:292)
	at jdk.compiler/com.sun.tools.javac.main.Main.compile(Main.java:176)
	at jdk.compiler/com.sun.tools.javac.Main.compile(Main.java:64)
	at jdk.compiler/com.sun.tools.javac.Main.main(Main.java:50)
2023.01.18 00:57:54 WARN  no build target for: /Users/jaofourthsohappy/Desktop/Java-Jaofourth/Java Basic/Array.java
2023.01.18 00:57:55 WARN  Running javac-semanticdb failed for file:///Users/jaofourthsohappy/Desktop/Java-Jaofourth/Java%20Basic/Array.java. Output:
Exception in thread "main" java.lang.IllegalAccessError: class com.sourcegraph.semanticdb_javac.SemanticdbPlugin (in unnamed module @0x4cb2c100) cannot access class com.sun.tools.javac.api.BasicJavacTask (in module jdk.compiler) because module jdk.compiler does not export com.sun.tools.javac.api to unnamed module @0x4cb2c100
	at com.sourcegraph.semanticdb_javac.SemanticdbPlugin.init(SemanticdbPlugin.java:19)
	at jdk.compiler/com.sun.tools.javac.api.BasicJavacTask.initPlugin(BasicJavacTask.java:255)
	at jdk.compiler/com.sun.tools.javac.api.BasicJavacTask.initPlugins(BasicJavacTask.java:229)
	at jdk.compiler/com.sun.tools.javac.main.Main.compile(Main.java:292)
	at jdk.compiler/com.sun.tools.javac.main.Main.compile(Main.java:176)
	at jdk.compiler/com.sun.tools.javac.Main.compile(Main.java:64)
	at jdk.compiler/com.sun.tools.javac.Main.main(Main.java:50)
2023.01.18 00:57:55 WARN  no build target for: /Users/jaofourthsohappy/Desktop/Java-Jaofourth/Java Basic/Array.java
2023.01.18 00:57:56 WARN  Running javac-semanticdb failed for file:///Users/jaofourthsohappy/Desktop/Java-Jaofourth/Java%20Basic/Array.java. Output:
Exception in thread "main" java.lang.IllegalAccessError: class com.sourcegraph.semanticdb_javac.SemanticdbPlugin (in unnamed module @0x4cb2c100) cannot access class com.sun.tools.javac.api.BasicJavacTask (in module jdk.compiler) because module jdk.compiler does not export com.sun.tools.javac.api to unnamed module @0x4cb2c100
	at com.sourcegraph.semanticdb_javac.SemanticdbPlugin.init(SemanticdbPlugin.java:19)
	at jdk.compiler/com.sun.tools.javac.api.BasicJavacTask.initPlugin(BasicJavacTask.java:255)
	at jdk.compiler/com.sun.tools.javac.api.BasicJavacTask.initPlugins(BasicJavacTask.java:229)
	at jdk.compiler/com.sun.tools.javac.main.Main.compile(Main.java:292)
	at jdk.compiler/com.sun.tools.javac.main.Main.compile(Main.java:176)
	at jdk.compiler/com.sun.tools.javac.Main.compile(Main.java:64)
	at jdk.compiler/com.sun.tools.javac.Main.main(Main.java:50)
2023.01.18 00:58:06 WARN  no build target for: /Users/jaofourthsohappy/Desktop/Java-Jaofourth/Java Basic/Array.java
2023.01.18 00:58:07 WARN  Running javac-semanticdb failed for file:///Users/jaofourthsohappy/Desktop/Java-Jaofourth/Java%20Basic/Array.java. Output:
Exception in thread "main" java.lang.IllegalAccessError: class com.sourcegraph.semanticdb_javac.SemanticdbPlugin (in unnamed module @0x4cb2c100) cannot access class com.sun.tools.javac.api.BasicJavacTask (in module jdk.compiler) because module jdk.compiler does not export com.sun.tools.javac.api to unnamed module @0x4cb2c100
	at com.sourcegraph.semanticdb_javac.SemanticdbPlugin.init(SemanticdbPlugin.java:19)
	at jdk.compiler/com.sun.tools.javac.api.BasicJavacTask.initPlugin(BasicJavacTask.java:255)
	at jdk.compiler/com.sun.tools.javac.api.BasicJavacTask.initPlugins(BasicJavacTask.java:229)
	at jdk.compiler/com.sun.tools.javac.main.Main.compile(Main.java:292)
	at jdk.compiler/com.sun.tools.javac.main.Main.compile(Main.java:176)
	at jdk.compiler/com.sun.tools.javac.Main.compile(Main.java:64)
	at jdk.compiler/com.sun.tools.javac.Main.main(Main.java:50)
2023.01.18 00:58:12 WARN  no build target for: /Users/jaofourthsohappy/Desktop/Java-Jaofourth/Java Basic/Array.java
2023.01.18 00:58:12 WARN  Running javac-semanticdb failed for file:///Users/jaofourthsohappy/Desktop/Java-Jaofourth/Java%20Basic/Array.java. Output:
Exception in thread "main" java.lang.IllegalAccessError: class com.sourcegraph.semanticdb_javac.SemanticdbPlugin (in unnamed module @0x4cb2c100) cannot access class com.sun.tools.javac.api.BasicJavacTask (in module jdk.compiler) because module jdk.compiler does not export com.sun.tools.javac.api to unnamed module @0x4cb2c100
	at com.sourcegraph.semanticdb_javac.SemanticdbPlugin.init(SemanticdbPlugin.java:19)
	at jdk.compiler/com.sun.tools.javac.api.BasicJavacTask.initPlugin(BasicJavacTask.java:255)
	at jdk.compiler/com.sun.tools.javac.api.BasicJavacTask.initPlugins(BasicJavacTask.java:229)
	at jdk.compiler/com.sun.tools.javac.main.Main.compile(Main.java:292)
	at jdk.compiler/com.sun.tools.javac.main.Main.compile(Main.java:176)
	at jdk.compiler/com.sun.tools.javac.Main.compile(Main.java:64)
	at jdk.compiler/com.sun.tools.javac.Main.main(Main.java:50)
2023.01.18 00:58:14 WARN  no build target for: /Users/jaofourthsohappy/Desktop/Java-Jaofourth/Java Basic/Array.java
2023.01.18 00:58:14 WARN  Running javac-semanticdb failed for file:///Users/jaofourthsohappy/Desktop/Java-Jaofourth/Java%20Basic/Array.java. Output:
Exception in thread "main" java.lang.IllegalAccessError: class com.sourcegraph.semanticdb_javac.SemanticdbPlugin (in unnamed module @0x4cb2c100) cannot access class com.sun.tools.javac.api.BasicJavacTask (in module jdk.compiler) because module jdk.compiler does not export com.sun.tools.javac.api to unnamed module @0x4cb2c100
	at com.sourcegraph.semanticdb_javac.SemanticdbPlugin.init(SemanticdbPlugin.java:19)
	at jdk.compiler/com.sun.tools.javac.api.BasicJavacTask.initPlugin(BasicJavacTask.java:255)
	at jdk.compiler/com.sun.tools.javac.api.BasicJavacTask.initPlugins(BasicJavacTask.java:229)
	at jdk.compiler/com.sun.tools.javac.main.Main.compile(Main.java:292)
	at jdk.compiler/com.sun.tools.javac.main.Main.compile(Main.java:176)
	at jdk.compiler/com.sun.tools.javac.Main.compile(Main.java:64)
	at jdk.compiler/com.sun.tools.javac.Main.main(Main.java:50)
2023.01.18 00:58:15 WARN  no build target for: /Users/jaofourthsohappy/Desktop/Java-Jaofourth/Java Basic/Array.java
2023.01.18 00:58:15 WARN  Running javac-semanticdb failed for file:///Users/jaofourthsohappy/Desktop/Java-Jaofourth/Java%20Basic/Array.java. Output:
Exception in thread "main" java.lang.IllegalAccessError: class com.sourcegraph.semanticdb_javac.SemanticdbPlugin (in unnamed module @0x4cb2c100) cannot access class com.sun.tools.javac.api.BasicJavacTask (in module jdk.compiler) because module jdk.compiler does not export com.sun.tools.javac.api to unnamed module @0x4cb2c100
	at com.sourcegraph.semanticdb_javac.SemanticdbPlugin.init(SemanticdbPlugin.java:19)
	at jdk.compiler/com.sun.tools.javac.api.BasicJavacTask.initPlugin(BasicJavacTask.java:255)
	at jdk.compiler/com.sun.tools.javac.api.BasicJavacTask.initPlugins(BasicJavacTask.java:229)
	at jdk.compiler/com.sun.tools.javac.main.Main.compile(Main.java:292)
	at jdk.compiler/com.sun.tools.javac.main.Main.compile(Main.java:176)
	at jdk.compiler/com.sun.tools.javac.Main.compile(Main.java:64)
	at jdk.compiler/com.sun.tools.javac.Main.main(Main.java:50)
2023.01.18 00:58:17 WARN  no build target for: /Users/jaofourthsohappy/Desktop/Java-Jaofourth/Java Basic/Array.java
2023.01.18 00:58:17 WARN  Running javac-semanticdb failed for file:///Users/jaofourthsohappy/Desktop/Java-Jaofourth/Java%20Basic/Array.java. Output:
Exception in thread "main" java.lang.IllegalAccessError: class com.sourcegraph.semanticdb_javac.SemanticdbPlugin (in unnamed module @0x4cb2c100) cannot access class com.sun.tools.javac.api.BasicJavacTask (in module jdk.compiler) because module jdk.compiler does not export com.sun.tools.javac.api to unnamed module @0x4cb2c100
	at com.sourcegraph.semanticdb_javac.SemanticdbPlugin.init(SemanticdbPlugin.java:19)
	at jdk.compiler/com.sun.tools.javac.api.BasicJavacTask.initPlugin(BasicJavacTask.java:255)
	at jdk.compiler/com.sun.tools.javac.api.BasicJavacTask.initPlugins(BasicJavacTask.java:229)
	at jdk.compiler/com.sun.tools.javac.main.Main.compile(Main.java:292)
	at jdk.compiler/com.sun.tools.javac.main.Main.compile(Main.java:176)
	at jdk.compiler/com.sun.tools.javac.Main.compile(Main.java:64)
	at jdk.compiler/com.sun.tools.javac.Main.main(Main.java:50)
2023.01.18 00:58:21 WARN  no build target for: /Users/jaofourthsohappy/Desktop/Java-Jaofourth/Java Basic/Array.java
2023.01.18 00:58:22 WARN  Running javac-semanticdb failed for file:///Users/jaofourthsohappy/Desktop/Java-Jaofourth/Java%20Basic/Array.java. Output:
Exception in thread "main" java.lang.IllegalAccessError: class com.sourcegraph.semanticdb_javac.SemanticdbPlugin (in unnamed module @0x4cb2c100) cannot access class com.sun.tools.javac.api.BasicJavacTask (in module jdk.compiler) because module jdk.compiler does not export com.sun.tools.javac.api to unnamed module @0x4cb2c100
	at com.sourcegraph.semanticdb_javac.SemanticdbPlugin.init(SemanticdbPlugin.java:19)
	at jdk.compiler/com.sun.tools.javac.api.BasicJavacTask.initPlugin(BasicJavacTask.java:255)
	at jdk.compiler/com.sun.tools.javac.api.BasicJavacTask.initPlugins(BasicJavacTask.java:229)
	at jdk.compiler/com.sun.tools.javac.main.Main.compile(Main.java:292)
	at jdk.compiler/com.sun.tools.javac.main.Main.compile(Main.java:176)
	at jdk.compiler/com.sun.tools.javac.Main.compile(Main.java:64)
	at jdk.compiler/com.sun.tools.javac.Main.main(Main.java:50)
2023.01.18 00:58:24 WARN  no build target for: /Users/jaofourthsohappy/Desktop/Java-Jaofourth/Java Basic/Array.java
2023.01.18 00:58:25 WARN  Running javac-semanticdb failed for file:///Users/jaofourthsohappy/Desktop/Java-Jaofourth/Java%20Basic/Array.java. Output:
Exception in thread "main" java.lang.IllegalAccessError: class com.sourcegraph.semanticdb_javac.SemanticdbPlugin (in unnamed module @0x4cb2c100) cannot access class com.sun.tools.javac.api.BasicJavacTask (in module jdk.compiler) because module jdk.compiler does not export com.sun.tools.javac.api to unnamed module @0x4cb2c100
	at com.sourcegraph.semanticdb_javac.SemanticdbPlugin.init(SemanticdbPlugin.java:19)
	at jdk.compiler/com.sun.tools.javac.api.BasicJavacTask.initPlugin(BasicJavacTask.java:255)
	at jdk.compiler/com.sun.tools.javac.api.BasicJavacTask.initPlugins(BasicJavacTask.java:229)
	at jdk.compiler/com.sun.tools.javac.main.Main.compile(Main.java:292)
	at jdk.compiler/com.sun.tools.javac.main.Main.compile(Main.java:176)
	at jdk.compiler/com.sun.tools.javac.Main.compile(Main.java:64)
	at jdk.compiler/com.sun.tools.javac.Main.main(Main.java:50)
Jan 18, 2023 12:58:28 AM org.eclipse.lsp4j.jsonrpc.RemoteEndpoint handleCancellation
WARNING: Unmatched cancel notification for request id 99
2023.01.18 00:58:30 WARN  no build target for: /Users/jaofourthsohappy/Desktop/Java-Jaofourth/Java Basic/Array.java
2023.01.18 00:58:31 WARN  Running javac-semanticdb failed for file:///Users/jaofourthsohappy/Desktop/Java-Jaofourth/Java%20Basic/Array.java. Output:
Exception in thread "main" java.lang.IllegalAccessError: class com.sourcegraph.semanticdb_javac.SemanticdbPlugin (in unnamed module @0x4cb2c100) cannot access class com.sun.tools.javac.api.BasicJavacTask (in module jdk.compiler) because module jdk.compiler does not export com.sun.tools.javac.api to unnamed module @0x4cb2c100
	at com.sourcegraph.semanticdb_javac.SemanticdbPlugin.init(SemanticdbPlugin.java:19)
	at jdk.compiler/com.sun.tools.javac.api.BasicJavacTask.initPlugin(BasicJavacTask.java:255)
	at jdk.compiler/com.sun.tools.javac.api.BasicJavacTask.initPlugins(BasicJavacTask.java:229)
	at jdk.compiler/com.sun.tools.javac.main.Main.compile(Main.java:292)
	at jdk.compiler/com.sun.tools.javac.main.Main.compile(Main.java:176)
	at jdk.compiler/com.sun.tools.javac.Main.compile(Main.java:64)
	at jdk.compiler/com.sun.tools.javac.Main.main(Main.java:50)
2023.01.18 00:58:33 WARN  no build target for: /Users/jaofourthsohappy/Desktop/Java-Jaofourth/Java Basic/Array.java
2023.01.18 00:58:34 WARN  Running javac-semanticdb failed for file:///Users/jaofourthsohappy/Desktop/Java-Jaofourth/Java%20Basic/Array.java. Output:
Exception in thread "main" java.lang.IllegalAccessError: class com.sourcegraph.semanticdb_javac.SemanticdbPlugin (in unnamed module @0x4cb2c100) cannot access class com.sun.tools.javac.api.BasicJavacTask (in module jdk.compiler) because module jdk.compiler does not export com.sun.tools.javac.api to unnamed module @0x4cb2c100
	at com.sourcegraph.semanticdb_javac.SemanticdbPlugin.init(SemanticdbPlugin.java:19)
	at jdk.compiler/com.sun.tools.javac.api.BasicJavacTask.initPlugin(BasicJavacTask.java:255)
	at jdk.compiler/com.sun.tools.javac.api.BasicJavacTask.initPlugins(BasicJavacTask.java:229)
	at jdk.compiler/com.sun.tools.javac.main.Main.compile(Main.java:292)
	at jdk.compiler/com.sun.tools.javac.main.Main.compile(Main.java:176)
	at jdk.compiler/com.sun.tools.javac.Main.compile(Main.java:64)
	at jdk.compiler/com.sun.tools.javac.Main.main(Main.java:50)
2023.01.18 00:58:37 WARN  no build target for: /Users/jaofourthsohappy/Desktop/Java-Jaofourth/Java Basic/Array.java
2023.01.18 00:58:38 WARN  Running javac-semanticdb failed for file:///Users/jaofourthsohappy/Desktop/Java-Jaofourth/Java%20Basic/Array.java. Output:
Exception in thread "main" java.lang.IllegalAccessError: class com.sourcegraph.semanticdb_javac.SemanticdbPlugin (in unnamed module @0x4cb2c100) cannot access class com.sun.tools.javac.api.BasicJavacTask (in module jdk.compiler) because module jdk.compiler does not export com.sun.tools.javac.api to unnamed module @0x4cb2c100
	at com.sourcegraph.semanticdb_javac.SemanticdbPlugin.init(SemanticdbPlugin.java:19)
	at jdk.compiler/com.sun.tools.javac.api.BasicJavacTask.initPlugin(BasicJavacTask.java:255)
	at jdk.compiler/com.sun.tools.javac.api.BasicJavacTask.initPlugins(BasicJavacTask.java:229)
	at jdk.compiler/com.sun.tools.javac.main.Main.compile(Main.java:292)
	at jdk.compiler/com.sun.tools.javac.main.Main.compile(Main.java:176)
	at jdk.compiler/com.sun.tools.javac.Main.compile(Main.java:64)
	at jdk.compiler/com.sun.tools.javac.Main.main(Main.java:50)
2023.01.18 00:58:39 WARN  no build target for: /Users/jaofourthsohappy/Desktop/Java-Jaofourth/Java Basic/Array.java
2023.01.18 00:58:40 WARN  Running javac-semanticdb failed for file:///Users/jaofourthsohappy/Desktop/Java-Jaofourth/Java%20Basic/Array.java. Output:
Exception in thread "main" java.lang.IllegalAccessError: class com.sourcegraph.semanticdb_javac.SemanticdbPlugin (in unnamed module @0x4cb2c100) cannot access class com.sun.tools.javac.api.BasicJavacTask (in module jdk.compiler) because module jdk.compiler does not export com.sun.tools.javac.api to unnamed module @0x4cb2c100
	at com.sourcegraph.semanticdb_javac.SemanticdbPlugin.init(SemanticdbPlugin.java:19)
	at jdk.compiler/com.sun.tools.javac.api.BasicJavacTask.initPlugin(BasicJavacTask.java:255)
	at jdk.compiler/com.sun.tools.javac.api.BasicJavacTask.initPlugins(BasicJavacTask.java:229)
	at jdk.compiler/com.sun.tools.javac.main.Main.compile(Main.java:292)
	at jdk.compiler/com.sun.tools.javac.main.Main.compile(Main.java:176)
	at jdk.compiler/com.sun.tools.javac.Main.compile(Main.java:64)
	at jdk.compiler/com.sun.tools.javac.Main.main(Main.java:50)
2023.01.18 00:58:43 WARN  no build target for: /Users/jaofourthsohappy/Desktop/Java-Jaofourth/Java Basic/Array.java
2023.01.18 00:58:43 WARN  Running javac-semanticdb failed for file:///Users/jaofourthsohappy/Desktop/Java-Jaofourth/Java%20Basic/Array.java. Output:
Exception in thread "main" java.lang.IllegalAccessError: class com.sourcegraph.semanticdb_javac.SemanticdbPlugin (in unnamed module @0x4cb2c100) cannot access class com.sun.tools.javac.api.BasicJavacTask (in module jdk.compiler) because module jdk.compiler does not export com.sun.tools.javac.api to unnamed module @0x4cb2c100
	at com.sourcegraph.semanticdb_javac.SemanticdbPlugin.init(SemanticdbPlugin.java:19)
	at jdk.compiler/com.sun.tools.javac.api.BasicJavacTask.initPlugin(BasicJavacTask.java:255)
	at jdk.compiler/com.sun.tools.javac.api.BasicJavacTask.initPlugins(BasicJavacTask.java:229)
	at jdk.compiler/com.sun.tools.javac.main.Main.compile(Main.java:292)
	at jdk.compiler/com.sun.tools.javac.main.Main.compile(Main.java:176)
	at jdk.compiler/com.sun.tools.javac.Main.compile(Main.java:64)
	at jdk.compiler/com.sun.tools.javac.Main.main(Main.java:50)
2023.01.18 00:58:43 WARN  no build target for: /Users/jaofourthsohappy/Desktop/Java-Jaofourth/Java Basic/Array.java
2023.01.18 00:58:44 WARN  Running javac-semanticdb failed for file:///Users/jaofourthsohappy/Desktop/Java-Jaofourth/Java%20Basic/Array.java. Output:
Exception in thread "main" java.lang.IllegalAccessError: class com.sourcegraph.semanticdb_javac.SemanticdbPlugin (in unnamed module @0x4cb2c100) cannot access class com.sun.tools.javac.api.BasicJavacTask (in module jdk.compiler) because module jdk.compiler does not export com.sun.tools.javac.api to unnamed module @0x4cb2c100
	at com.sourcegraph.semanticdb_javac.SemanticdbPlugin.init(SemanticdbPlugin.java:19)
	at jdk.compiler/com.sun.tools.javac.api.BasicJavacTask.initPlugin(BasicJavacTask.java:255)
	at jdk.compiler/com.sun.tools.javac.api.BasicJavacTask.initPlugins(BasicJavacTask.java:229)
	at jdk.compiler/com.sun.tools.javac.main.Main.compile(Main.java:292)
	at jdk.compiler/com.sun.tools.javac.main.Main.compile(Main.java:176)
	at jdk.compiler/com.sun.tools.javac.Main.compile(Main.java:64)
	at jdk.compiler/com.sun.tools.javac.Main.main(Main.java:50)
2023.01.18 00:58:45 WARN  no build target for: /Users/jaofourthsohappy/Desktop/Java-Jaofourth/Java Basic/Array.java
2023.01.18 00:58:46 WARN  Running javac-semanticdb failed for file:///Users/jaofourthsohappy/Desktop/Java-Jaofourth/Java%20Basic/Array.java. Output:
Exception in thread "main" java.lang.IllegalAccessError: class com.sourcegraph.semanticdb_javac.SemanticdbPlugin (in unnamed module @0x4cb2c100) cannot access class com.sun.tools.javac.api.BasicJavacTask (in module jdk.compiler) because module jdk.compiler does not export com.sun.tools.javac.api to unnamed module @0x4cb2c100
	at com.sourcegraph.semanticdb_javac.SemanticdbPlugin.init(SemanticdbPlugin.java:19)
	at jdk.compiler/com.sun.tools.javac.api.BasicJavacTask.initPlugin(BasicJavacTask.java:255)
	at jdk.compiler/com.sun.tools.javac.api.BasicJavacTask.initPlugins(BasicJavacTask.java:229)
	at jdk.compiler/com.sun.tools.javac.main.Main.compile(Main.java:292)
	at jdk.compiler/com.sun.tools.javac.main.Main.compile(Main.java:176)
	at jdk.compiler/com.sun.tools.javac.Main.compile(Main.java:64)
	at jdk.compiler/com.sun.tools.javac.Main.main(Main.java:50)
2023.01.18 00:58:50 WARN  no build target for: /Users/jaofourthsohappy/Desktop/Java-Jaofourth/Java Basic/Array.java
2023.01.18 00:58:50 WARN  Running javac-semanticdb failed for file:///Users/jaofourthsohappy/Desktop/Java-Jaofourth/Java%20Basic/Array.java. Output:
Exception in thread "main" java.lang.IllegalAccessError: class com.sourcegraph.semanticdb_javac.SemanticdbPlugin (in unnamed module @0x4cb2c100) cannot access class com.sun.tools.javac.api.BasicJavacTask (in module jdk.compiler) because module jdk.compiler does not export com.sun.tools.javac.api to unnamed module @0x4cb2c100
	at com.sourcegraph.semanticdb_javac.SemanticdbPlugin.init(SemanticdbPlugin.java:19)
	at jdk.compiler/com.sun.tools.javac.api.BasicJavacTask.initPlugin(BasicJavacTask.java:255)
	at jdk.compiler/com.sun.tools.javac.api.BasicJavacTask.initPlugins(BasicJavacTask.java:229)
	at jdk.compiler/com.sun.tools.javac.main.Main.compile(Main.java:292)
	at jdk.compiler/com.sun.tools.javac.main.Main.compile(Main.java:176)
	at jdk.compiler/com.sun.tools.javac.Main.compile(Main.java:64)
	at jdk.compiler/com.sun.tools.javac.Main.main(Main.java:50)
2023.01.18 00:58:53 WARN  no build target for: /Users/jaofourthsohappy/Desktop/Java-Jaofourth/Java Basic/Array.java
2023.01.18 00:58:53 WARN  Running javac-semanticdb failed for file:///Users/jaofourthsohappy/Desktop/Java-Jaofourth/Java%20Basic/Array.java. Output:
Exception in thread "main" java.lang.IllegalAccessError: class com.sourcegraph.semanticdb_javac.SemanticdbPlugin (in unnamed module @0x4cb2c100) cannot access class com.sun.tools.javac.api.BasicJavacTask (in module jdk.compiler) because module jdk.compiler does not export com.sun.tools.javac.api to unnamed module @0x4cb2c100
	at com.sourcegraph.semanticdb_javac.SemanticdbPlugin.init(SemanticdbPlugin.java:19)
	at jdk.compiler/com.sun.tools.javac.api.BasicJavacTask.initPlugin(BasicJavacTask.java:255)
	at jdk.compiler/com.sun.tools.javac.api.BasicJavacTask.initPlugins(BasicJavacTask.java:229)
	at jdk.compiler/com.sun.tools.javac.main.Main.compile(Main.java:292)
	at jdk.compiler/com.sun.tools.javac.main.Main.compile(Main.java:176)
	at jdk.compiler/com.sun.tools.javac.Main.compile(Main.java:64)
	at jdk.compiler/com.sun.tools.javac.Main.main(Main.java:50)
2023.01.18 00:58:57 WARN  no build target for: /Users/jaofourthsohappy/Desktop/Java-Jaofourth/Java Basic/Array.java
2023.01.18 00:58:57 WARN  Running javac-semanticdb failed for file:///Users/jaofourthsohappy/Desktop/Java-Jaofourth/Java%20Basic/Array.java. Output:
Exception in thread "main" java.lang.IllegalAccessError: class com.sourcegraph.semanticdb_javac.SemanticdbPlugin (in unnamed module @0x4cb2c100) cannot access class com.sun.tools.javac.api.BasicJavacTask (in module jdk.compiler) because module jdk.compiler does not export com.sun.tools.javac.api to unnamed module @0x4cb2c100
	at com.sourcegraph.semanticdb_javac.SemanticdbPlugin.init(SemanticdbPlugin.java:19)
	at jdk.compiler/com.sun.tools.javac.api.BasicJavacTask.initPlugin(BasicJavacTask.java:255)
	at jdk.compiler/com.sun.tools.javac.api.BasicJavacTask.initPlugins(BasicJavacTask.java:229)
	at jdk.compiler/com.sun.tools.javac.main.Main.compile(Main.java:292)
	at jdk.compiler/com.sun.tools.javac.main.Main.compile(Main.java:176)
	at jdk.compiler/com.sun.tools.javac.Main.compile(Main.java:64)
	at jdk.compiler/com.sun.tools.javac.Main.main(Main.java:50)
2023.01.18 00:59:03 WARN  no build target for: /Users/jaofourthsohappy/Desktop/Java-Jaofourth/Java Basic/Array.java
2023.01.18 00:59:04 WARN  Running javac-semanticdb failed for file:///Users/jaofourthsohappy/Desktop/Java-Jaofourth/Java%20Basic/Array.java. Output:
Exception in thread "main" java.lang.IllegalAccessError: class com.sourcegraph.semanticdb_javac.SemanticdbPlugin (in unnamed module @0x4cb2c100) cannot access class com.sun.tools.javac.api.BasicJavacTask (in module jdk.compiler) because module jdk.compiler does not export com.sun.tools.javac.api to unnamed module @0x4cb2c100
	at com.sourcegraph.semanticdb_javac.SemanticdbPlugin.init(SemanticdbPlugin.java:19)
	at jdk.compiler/com.sun.tools.javac.api.BasicJavacTask.initPlugin(BasicJavacTask.java:255)
	at jdk.compiler/com.sun.tools.javac.api.BasicJavacTask.initPlugins(BasicJavacTask.java:229)
	at jdk.compiler/com.sun.tools.javac.main.Main.compile(Main.java:292)
	at jdk.compiler/com.sun.tools.javac.main.Main.compile(Main.java:176)
	at jdk.compiler/com.sun.tools.javac.Main.compile(Main.java:64)
	at jdk.compiler/com.sun.tools.javac.Main.main(Main.java:50)
2023.01.18 00:59:06 WARN  no build target for: /Users/jaofourthsohappy/Desktop/Java-Jaofourth/Java Basic/Array.java
2023.01.18 00:59:07 WARN  Running javac-semanticdb failed for file:///Users/jaofourthsohappy/Desktop/Java-Jaofourth/Java%20Basic/Array.java. Output:
Exception in thread "main" java.lang.IllegalAccessError: class com.sourcegraph.semanticdb_javac.SemanticdbPlugin (in unnamed module @0x4cb2c100) cannot access class com.sun.tools.javac.api.BasicJavacTask (in module jdk.compiler) because module jdk.compiler does not export com.sun.tools.javac.api to unnamed module @0x4cb2c100
	at com.sourcegraph.semanticdb_javac.SemanticdbPlugin.init(SemanticdbPlugin.java:19)
	at jdk.compiler/com.sun.tools.javac.api.BasicJavacTask.initPlugin(BasicJavacTask.java:255)
	at jdk.compiler/com.sun.tools.javac.api.BasicJavacTask.initPlugins(BasicJavacTask.java:229)
	at jdk.compiler/com.sun.tools.javac.main.Main.compile(Main.java:292)
	at jdk.compiler/com.sun.tools.javac.main.Main.compile(Main.java:176)
	at jdk.compiler/com.sun.tools.javac.Main.compile(Main.java:64)
	at jdk.compiler/com.sun.tools.javac.Main.main(Main.java:50)
2023.01.18 00:59:08 WARN  no build target for: /Users/jaofourthsohappy/Desktop/Java-Jaofourth/Java Basic/Array.java
2023.01.18 00:59:09 WARN  Running javac-semanticdb failed for file:///Users/jaofourthsohappy/Desktop/Java-Jaofourth/Java%20Basic/Array.java. Output:
Exception in thread "main" java.lang.IllegalAccessError: class com.sourcegraph.semanticdb_javac.SemanticdbPlugin (in unnamed module @0x4cb2c100) cannot access class com.sun.tools.javac.api.BasicJavacTask (in module jdk.compiler) because module jdk.compiler does not export com.sun.tools.javac.api to unnamed module @0x4cb2c100
	at com.sourcegraph.semanticdb_javac.SemanticdbPlugin.init(SemanticdbPlugin.java:19)
	at jdk.compiler/com.sun.tools.javac.api.BasicJavacTask.initPlugin(BasicJavacTask.java:255)
	at jdk.compiler/com.sun.tools.javac.api.BasicJavacTask.initPlugins(BasicJavacTask.java:229)
	at jdk.compiler/com.sun.tools.javac.main.Main.compile(Main.java:292)
	at jdk.compiler/com.sun.tools.javac.main.Main.compile(Main.java:176)
	at jdk.compiler/com.sun.tools.javac.Main.compile(Main.java:64)
	at jdk.compiler/com.sun.tools.javac.Main.main(Main.java:50)
2023.01.18 00:59:12 WARN  no build target for: /Users/jaofourthsohappy/Desktop/Java-Jaofourth/Java Basic/Array.java
2023.01.18 00:59:12 WARN  Running javac-semanticdb failed for file:///Users/jaofourthsohappy/Desktop/Java-Jaofourth/Java%20Basic/Array.java. Output:
Exception in thread "main" java.lang.IllegalAccessError: class com.sourcegraph.semanticdb_javac.SemanticdbPlugin (in unnamed module @0x4cb2c100) cannot access class com.sun.tools.javac.api.BasicJavacTask (in module jdk.compiler) because module jdk.compiler does not export com.sun.tools.javac.api to unnamed module @0x4cb2c100
	at com.sourcegraph.semanticdb_javac.SemanticdbPlugin.init(SemanticdbPlugin.java:19)
	at jdk.compiler/com.sun.tools.javac.api.BasicJavacTask.initPlugin(BasicJavacTask.java:255)
	at jdk.compiler/com.sun.tools.javac.api.BasicJavacTask.initPlugins(BasicJavacTask.java:229)
	at jdk.compiler/com.sun.tools.javac.main.Main.compile(Main.java:292)
	at jdk.compiler/com.sun.tools.javac.main.Main.compile(Main.java:176)
	at jdk.compiler/com.sun.tools.javac.Main.compile(Main.java:64)
	at jdk.compiler/com.sun.tools.javac.Main.main(Main.java:50)
2023.01.18 00:59:19 WARN  no build target for: /Users/jaofourthsohappy/Desktop/Java-Jaofourth/Java Basic/Array.java
2023.01.18 00:59:20 WARN  Running javac-semanticdb failed for file:///Users/jaofourthsohappy/Desktop/Java-Jaofourth/Java%20Basic/Array.java. Output:
Exception in thread "main" java.lang.IllegalAccessError: class com.sourcegraph.semanticdb_javac.SemanticdbPlugin (in unnamed module @0x4cb2c100) cannot access class com.sun.tools.javac.api.BasicJavacTask (in module jdk.compiler) because module jdk.compiler does not export com.sun.tools.javac.api to unnamed module @0x4cb2c100
	at com.sourcegraph.semanticdb_javac.SemanticdbPlugin.init(SemanticdbPlugin.java:19)
	at jdk.compiler/com.sun.tools.javac.api.BasicJavacTask.initPlugin(BasicJavacTask.java:255)
	at jdk.compiler/com.sun.tools.javac.api.BasicJavacTask.initPlugins(BasicJavacTask.java:229)
	at jdk.compiler/com.sun.tools.javac.main.Main.compile(Main.java:292)
	at jdk.compiler/com.sun.tools.javac.main.Main.compile(Main.java:176)
	at jdk.compiler/com.sun.tools.javac.Main.compile(Main.java:64)
	at jdk.compiler/com.sun.tools.javac.Main.main(Main.java:50)
2023.01.18 00:59:30 WARN  no build target for: /Users/jaofourthsohappy/Desktop/Java-Jaofourth/Java Basic/Array.java
2023.01.18 00:59:31 WARN  Running javac-semanticdb failed for file:///Users/jaofourthsohappy/Desktop/Java-Jaofourth/Java%20Basic/Array.java. Output:
Exception in thread "main" java.lang.IllegalAccessError: class com.sourcegraph.semanticdb_javac.SemanticdbPlugin (in unnamed module @0x4cb2c100) cannot access class com.sun.tools.javac.api.BasicJavacTask (in module jdk.compiler) because module jdk.compiler does not export com.sun.tools.javac.api to unnamed module @0x4cb2c100
	at com.sourcegraph.semanticdb_javac.SemanticdbPlugin.init(SemanticdbPlugin.java:19)
	at jdk.compiler/com.sun.tools.javac.api.BasicJavacTask.initPlugin(BasicJavacTask.java:255)
	at jdk.compiler/com.sun.tools.javac.api.BasicJavacTask.initPlugins(BasicJavacTask.java:229)
	at jdk.compiler/com.sun.tools.javac.main.Main.compile(Main.java:292)
	at jdk.compiler/com.sun.tools.javac.main.Main.compile(Main.java:176)
	at jdk.compiler/com.sun.tools.javac.Main.compile(Main.java:64)
	at jdk.compiler/com.sun.tools.javac.Main.main(Main.java:50)
2023.01.18 00:59:35 WARN  no build target for: /Users/jaofourthsohappy/Desktop/Java-Jaofourth/Java Basic/Array.java
2023.01.18 00:59:35 WARN  Running javac-semanticdb failed for file:///Users/jaofourthsohappy/Desktop/Java-Jaofourth/Java%20Basic/Array.java. Output:
Exception in thread "main" java.lang.IllegalAccessError: class com.sourcegraph.semanticdb_javac.SemanticdbPlugin (in unnamed module @0x4cb2c100) cannot access class com.sun.tools.javac.api.BasicJavacTask (in module jdk.compiler) because module jdk.compiler does not export com.sun.tools.javac.api to unnamed module @0x4cb2c100
	at com.sourcegraph.semanticdb_javac.SemanticdbPlugin.init(SemanticdbPlugin.java:19)
	at jdk.compiler/com.sun.tools.javac.api.BasicJavacTask.initPlugin(BasicJavacTask.java:255)
	at jdk.compiler/com.sun.tools.javac.api.BasicJavacTask.initPlugins(BasicJavacTask.java:229)
	at jdk.compiler/com.sun.tools.javac.main.Main.compile(Main.java:292)
	at jdk.compiler/com.sun.tools.javac.main.Main.compile(Main.java:176)
	at jdk.compiler/com.sun.tools.javac.Main.compile(Main.java:64)
	at jdk.compiler/com.sun.tools.javac.Main.main(Main.java:50)
2023.01.18 00:59:46 WARN  no build target for: /Users/jaofourthsohappy/Desktop/Java-Jaofourth/Java Basic/Array.java
2023.01.18 00:59:46 WARN  Running javac-semanticdb failed for file:///Users/jaofourthsohappy/Desktop/Java-Jaofourth/Java%20Basic/Array.java. Output:
Exception in thread "main" java.lang.IllegalAccessError: class com.sourcegraph.semanticdb_javac.SemanticdbPlugin (in unnamed module @0x4cb2c100) cannot access class com.sun.tools.javac.api.BasicJavacTask (in module jdk.compiler) because module jdk.compiler does not export com.sun.tools.javac.api to unnamed module @0x4cb2c100
	at com.sourcegraph.semanticdb_javac.SemanticdbPlugin.init(SemanticdbPlugin.java:19)
	at jdk.compiler/com.sun.tools.javac.api.BasicJavacTask.initPlugin(BasicJavacTask.java:255)
	at jdk.compiler/com.sun.tools.javac.api.BasicJavacTask.initPlugins(BasicJavacTask.java:229)
	at jdk.compiler/com.sun.tools.javac.main.Main.compile(Main.java:292)
	at jdk.compiler/com.sun.tools.javac.main.Main.compile(Main.java:176)
	at jdk.compiler/com.sun.tools.javac.Main.compile(Main.java:64)
	at jdk.compiler/com.sun.tools.javac.Main.main(Main.java:50)
2023.01.18 01:01:28 WARN  no build target for: /Users/jaofourthsohappy/Desktop/Java-Jaofourth/Java Basic/Array.java
2023.01.18 01:01:28 WARN  Running javac-semanticdb failed for file:///Users/jaofourthsohappy/Desktop/Java-Jaofourth/Java%20Basic/Array.java. Output:
Exception in thread "main" java.lang.IllegalAccessError: class com.sourcegraph.semanticdb_javac.SemanticdbPlugin (in unnamed module @0x4cb2c100) cannot access class com.sun.tools.javac.api.BasicJavacTask (in module jdk.compiler) because module jdk.compiler does not export com.sun.tools.javac.api to unnamed module @0x4cb2c100
	at com.sourcegraph.semanticdb_javac.SemanticdbPlugin.init(SemanticdbPlugin.java:19)
	at jdk.compiler/com.sun.tools.javac.api.BasicJavacTask.initPlugin(BasicJavacTask.java:255)
	at jdk.compiler/com.sun.tools.javac.api.BasicJavacTask.initPlugins(BasicJavacTask.java:229)
	at jdk.compiler/com.sun.tools.javac.main.Main.compile(Main.java:292)
	at jdk.compiler/com.sun.tools.javac.main.Main.compile(Main.java:176)
	at jdk.compiler/com.sun.tools.javac.Main.compile(Main.java:64)
	at jdk.compiler/com.sun.tools.javac.Main.main(Main.java:50)
2023.01.18 01:01:32 WARN  no build target for: /Users/jaofourthsohappy/Desktop/Java-Jaofourth/Java Basic/Array.java
2023.01.18 01:01:32 WARN  Running javac-semanticdb failed for file:///Users/jaofourthsohappy/Desktop/Java-Jaofourth/Java%20Basic/Array.java. Output:
Exception in thread "main" java.lang.IllegalAccessError: class com.sourcegraph.semanticdb_javac.SemanticdbPlugin (in unnamed module @0x4cb2c100) cannot access class com.sun.tools.javac.api.BasicJavacTask (in module jdk.compiler) because module jdk.compiler does not export com.sun.tools.javac.api to unnamed module @0x4cb2c100
	at com.sourcegraph.semanticdb_javac.SemanticdbPlugin.init(SemanticdbPlugin.java:19)
	at jdk.compiler/com.sun.tools.javac.api.BasicJavacTask.initPlugin(BasicJavacTask.java:255)
	at jdk.compiler/com.sun.tools.javac.api.BasicJavacTask.initPlugins(BasicJavacTask.java:229)
	at jdk.compiler/com.sun.tools.javac.main.Main.compile(Main.java:292)
	at jdk.compiler/com.sun.tools.javac.main.Main.compile(Main.java:176)
	at jdk.compiler/com.sun.tools.javac.Main.compile(Main.java:64)
	at jdk.compiler/com.sun.tools.javac.Main.main(Main.java:50)
2023.01.18 01:01:33 WARN  no build target for: /Users/jaofourthsohappy/Desktop/Java-Jaofourth/Java Basic/Array.java
2023.01.18 01:01:34 WARN  Running javac-semanticdb failed for file:///Users/jaofourthsohappy/Desktop/Java-Jaofourth/Java%20Basic/Array.java. Output:
Exception in thread "main" java.lang.IllegalAccessError: class com.sourcegraph.semanticdb_javac.SemanticdbPlugin (in unnamed module @0x4cb2c100) cannot access class com.sun.tools.javac.api.BasicJavacTask (in module jdk.compiler) because module jdk.compiler does not export com.sun.tools.javac.api to unnamed module @0x4cb2c100
	at com.sourcegraph.semanticdb_javac.SemanticdbPlugin.init(SemanticdbPlugin.java:19)
	at jdk.compiler/com.sun.tools.javac.api.BasicJavacTask.initPlugin(BasicJavacTask.java:255)
	at jdk.compiler/com.sun.tools.javac.api.BasicJavacTask.initPlugins(BasicJavacTask.java:229)
	at jdk.compiler/com.sun.tools.javac.main.Main.compile(Main.java:292)
	at jdk.compiler/com.sun.tools.javac.main.Main.compile(Main.java:176)
	at jdk.compiler/com.sun.tools.javac.Main.compile(Main.java:64)
	at jdk.compiler/com.sun.tools.javac.Main.main(Main.java:50)
2023.01.18 01:01:45 WARN  no build target for: /Users/jaofourthsohappy/Desktop/Java-Jaofourth/Java Basic/Array.java
2023.01.18 01:01:46 WARN  Running javac-semanticdb failed for file:///Users/jaofourthsohappy/Desktop/Java-Jaofourth/Java%20Basic/Array.java. Output:
Exception in thread "main" java.lang.IllegalAccessError: class com.sourcegraph.semanticdb_javac.SemanticdbPlugin (in unnamed module @0x4cb2c100) cannot access class com.sun.tools.javac.api.BasicJavacTask (in module jdk.compiler) because module jdk.compiler does not export com.sun.tools.javac.api to unnamed module @0x4cb2c100
	at com.sourcegraph.semanticdb_javac.SemanticdbPlugin.init(SemanticdbPlugin.java:19)
	at jdk.compiler/com.sun.tools.javac.api.BasicJavacTask.initPlugin(BasicJavacTask.java:255)
	at jdk.compiler/com.sun.tools.javac.api.BasicJavacTask.initPlugins(BasicJavacTask.java:229)
	at jdk.compiler/com.sun.tools.javac.main.Main.compile(Main.java:292)
	at jdk.compiler/com.sun.tools.javac.main.Main.compile(Main.java:176)
	at jdk.compiler/com.sun.tools.javac.Main.compile(Main.java:64)
	at jdk.compiler/com.sun.tools.javac.Main.main(Main.java:50)
2023.01.18 01:01:48 WARN  no build target for: /Users/jaofourthsohappy/Desktop/Java-Jaofourth/Java Basic/Array.java
2023.01.18 01:01:48 WARN  Running javac-semanticdb failed for file:///Users/jaofourthsohappy/Desktop/Java-Jaofourth/Java%20Basic/Array.java. Output:
Exception in thread "main" java.lang.IllegalAccessError: class com.sourcegraph.semanticdb_javac.SemanticdbPlugin (in unnamed module @0x4cb2c100) cannot access class com.sun.tools.javac.api.BasicJavacTask (in module jdk.compiler) because module jdk.compiler does not export com.sun.tools.javac.api to unnamed module @0x4cb2c100
	at com.sourcegraph.semanticdb_javac.SemanticdbPlugin.init(SemanticdbPlugin.java:19)
	at jdk.compiler/com.sun.tools.javac.api.BasicJavacTask.initPlugin(BasicJavacTask.java:255)
	at jdk.compiler/com.sun.tools.javac.api.BasicJavacTask.initPlugins(BasicJavacTask.java:229)
	at jdk.compiler/com.sun.tools.javac.main.Main.compile(Main.java:292)
	at jdk.compiler/com.sun.tools.javac.main.Main.compile(Main.java:176)
	at jdk.compiler/com.sun.tools.javac.Main.compile(Main.java:64)
	at jdk.compiler/com.sun.tools.javac.Main.main(Main.java:50)
2023.01.18 01:02:00 WARN  no build target for: /Users/jaofourthsohappy/Desktop/Java-Jaofourth/Java Basic/Array.java
2023.01.18 01:02:01 WARN  Running javac-semanticdb failed for file:///Users/jaofourthsohappy/Desktop/Java-Jaofourth/Java%20Basic/Array.java. Output:
Exception in thread "main" java.lang.IllegalAccessError: class com.sourcegraph.semanticdb_javac.SemanticdbPlugin (in unnamed module @0x4cb2c100) cannot access class com.sun.tools.javac.api.BasicJavacTask (in module jdk.compiler) because module jdk.compiler does not export com.sun.tools.javac.api to unnamed module @0x4cb2c100
	at com.sourcegraph.semanticdb_javac.SemanticdbPlugin.init(SemanticdbPlugin.java:19)
	at jdk.compiler/com.sun.tools.javac.api.BasicJavacTask.initPlugin(BasicJavacTask.java:255)
	at jdk.compiler/com.sun.tools.javac.api.BasicJavacTask.initPlugins(BasicJavacTask.java:229)
	at jdk.compiler/com.sun.tools.javac.main.Main.compile(Main.java:292)
	at jdk.compiler/com.sun.tools.javac.main.Main.compile(Main.java:176)
	at jdk.compiler/com.sun.tools.javac.Main.compile(Main.java:64)
	at jdk.compiler/com.sun.tools.javac.Main.main(Main.java:50)
2023.01.18 01:04:04 WARN  no build target for: /Users/jaofourthsohappy/Desktop/Java-Jaofourth/Java Basic/Array.java
2023.01.18 01:04:04 WARN  Running javac-semanticdb failed for file:///Users/jaofourthsohappy/Desktop/Java-Jaofourth/Java%20Basic/Array.java. Output:
Exception in thread "main" java.lang.IllegalAccessError: class com.sourcegraph.semanticdb_javac.SemanticdbPlugin (in unnamed module @0x4cb2c100) cannot access class com.sun.tools.javac.api.BasicJavacTask (in module jdk.compiler) because module jdk.compiler does not export com.sun.tools.javac.api to unnamed module @0x4cb2c100
	at com.sourcegraph.semanticdb_javac.SemanticdbPlugin.init(SemanticdbPlugin.java:19)
	at jdk.compiler/com.sun.tools.javac.api.BasicJavacTask.initPlugin(BasicJavacTask.java:255)
	at jdk.compiler/com.sun.tools.javac.api.BasicJavacTask.initPlugins(BasicJavacTask.java:229)
	at jdk.compiler/com.sun.tools.javac.main.Main.compile(Main.java:292)
	at jdk.compiler/com.sun.tools.javac.main.Main.compile(Main.java:176)
	at jdk.compiler/com.sun.tools.javac.Main.compile(Main.java:64)
	at jdk.compiler/com.sun.tools.javac.Main.main(Main.java:50)
2023.01.18 01:04:09 WARN  no build target for: /Users/jaofourthsohappy/Desktop/Java-Jaofourth/Java Basic/Array.java
2023.01.18 01:04:09 WARN  Running javac-semanticdb failed for file:///Users/jaofourthsohappy/Desktop/Java-Jaofourth/Java%20Basic/Array.java. Output:
Exception in thread "main" java.lang.IllegalAccessError: class com.sourcegraph.semanticdb_javac.SemanticdbPlugin (in unnamed module @0x4cb2c100) cannot access class com.sun.tools.javac.api.BasicJavacTask (in module jdk.compiler) because module jdk.compiler does not export com.sun.tools.javac.api to unnamed module @0x4cb2c100
	at com.sourcegraph.semanticdb_javac.SemanticdbPlugin.init(SemanticdbPlugin.java:19)
	at jdk.compiler/com.sun.tools.javac.api.BasicJavacTask.initPlugin(BasicJavacTask.java:255)
	at jdk.compiler/com.sun.tools.javac.api.BasicJavacTask.initPlugins(BasicJavacTask.java:229)
	at jdk.compiler/com.sun.tools.javac.main.Main.compile(Main.java:292)
	at jdk.compiler/com.sun.tools.javac.main.Main.compile(Main.java:176)
	at jdk.compiler/com.sun.tools.javac.Main.compile(Main.java:64)
	at jdk.compiler/com.sun.tools.javac.Main.main(Main.java:50)
